# JRE version: Java(TM) SE Runtime Environment (23.0+37) (build 23+37-2369)
# Java VM: Java HotSpot(TM) 64-Bit Server VM (23+37-2369, mixed mode, sharing, tiered, compressed oops, compressed class ptrs, g1 gc, windows-amd64)
GC Precious Log:
 CardTable entry size: 512
 Card Set container configuration: InlinePtr #cards 4 size 8 Array Of Cards #cards 16 size 48 Howl #buckets 8 coarsen threshold 3686 Howl Bitmap #cards 512 size 80 coarsen threshold 460 Card regions per heap region 1 cards per card region 4096
 CPUs: 16 total, 16 available
 Memory: 15706M
 Large Page Support: Disabled
 NUMA Support: Disabled
 Compressed Oops: Enabled (Zero based)
 Heap Region Size: 2M
 Heap Min Capacity: 8M
 Heap Initial Capacity: 246M
 Heap Max Capacity: 3928M
 Pre-touch: Disabled
 Parallel Workers: 13
 Concurrent Workers: 3
 Concurrent Refinement Workers: 13
 Periodic GC: Disabled
Heap:
 garbage-first heap   total reserved 4022272K, committed 151552K, used 43670K [0x000000070a800000, 0x0000000800000000)
  region size 2048K, 10 young (20480K), 1 survivors (2048K)
 Metaspace       used 66796K, committed 67520K, reserved 1114112K
  class space    used 9125K, committed 9472K, reserved 1048576K
GC Heap History (20 events):
Event: 3.614 GC heap before
{Heap before GC invocations=5 (full 0):
 garbage-first heap   total reserved 4022272K, committed 49152K, used 33960K [0x000000070a800000, 0x0000000800000000)
  region size 2048K, 11 young (22528K), 2 survivors (4096K)
 Metaspace       used 27256K, committed 27712K, reserved 1114112K
  class space    used 3430K, committed 3648K, reserved 1048576K
}
Event: 3.624 GC heap after
{Heap after GC invocations=6 (full 0):
 garbage-first heap   total reserved 4022272K, committed 49152K, used 16403K [0x000000070a800000, 0x0000000800000000)
  region size 2048K, 1 young (2048K), 1 survivors (2048K)
 Metaspace       used 27256K, committed 27712K, reserved 1114112K
  class space    used 3430K, committed 3648K, reserved 1048576K
}
Event: 4.240 GC heap before
{Heap before GC invocations=6 (full 0):
 garbage-first heap   total reserved 4022272K, committed 49152K, used 34835K [0x000000070a800000, 0x0000000800000000)
  region size 2048K, 10 young (20480K), 1 survivors (2048K)
 Metaspace       used 30603K, committed 31104K, reserved 1114112K
  class space    used 3948K, committed 4160K, reserved 1048576K
}
Event: 4.247 GC heap after
{Heap after GC invocations=7 (full 0):
 garbage-first heap   total reserved 4022272K, committed 49152K, used 18510K [0x000000070a800000, 0x0000000800000000)
  region size 2048K, 2 young (4096K), 2 survivors (4096K)
 Metaspace       used 30603K, committed 31104K, reserved 1114112K
  class space    used 3948K, committed 4160K, reserved 1048576K
}
Event: 4.946 GC heap before
{Heap before GC invocations=7 (full 0):
 garbage-first heap   total reserved 4022272K, committed 49152K, used 34894K [0x000000070a800000, 0x0000000800000000)
  region size 2048K, 11 young (22528K), 2 survivors (4096K)
 Metaspace       used 34642K, committed 35264K, reserved 1114112K
  class space    used 4448K, committed 4736K, reserved 1048576K
}
Event: 4.950 GC heap after
{Heap after GC invocations=8 (full 0):
 garbage-first heap   total reserved 4022272K, committed 49152K, used 20359K [0x000000070a800000, 0x0000000800000000)
  region size 2048K, 2 young (4096K), 2 survivors (4096K)
 Metaspace       used 34642K, committed 35264K, reserved 1114112K
  class space    used 4448K, committed 4736K, reserved 1048576K
}
Event: 5.118 GC heap before
{Heap before GC invocations=8 (full 0):
 garbage-first heap   total reserved 4022272K, committed 49152K, used 22407K [0x000000070a800000, 0x0000000800000000)
  region size 2048K, 4 young (8192K), 2 survivors (4096K)
 Metaspace       used 35502K, committed 36096K, reserved 1114112K
  class space    used 4580K, committed 4800K, reserved 1048576K
}
Event: 5.122 GC heap after
{Heap after GC invocations=9 (full 0):
 garbage-first heap   total reserved 4022272K, committed 49152K, used 20760K [0x000000070a800000, 0x0000000800000000)
  region size 2048K, 2 young (4096K), 2 survivors (4096K)
 Metaspace       used 35502K, committed 36096K, reserved 1114112K
  class space    used 4580K, committed 4800K, reserved 1048576K
}
Event: 5.639 GC heap before
{Heap before GC invocations=10 (full 0):
 garbage-first heap   total reserved 4022272K, committed 49152K, used 37144K [0x000000070a800000, 0x0000000800000000)
  region size 2048K, 10 young (20480K), 2 survivors (4096K)
 Metaspace       used 39717K, committed 40320K, reserved 1114112K
  class space    used 5297K, committed 5568K, reserved 1048576K
}
Event: 5.642 GC heap after
{Heap after GC invocations=11 (full 0):
 garbage-first heap   total reserved 4022272K, committed 49152K, used 21626K [0x000000070a800000, 0x0000000800000000)
  region size 2048K, 1 young (2048K), 1 survivors (2048K)
 Metaspace       used 39717K, committed 40320K, reserved 1114112K
  class space    used 5297K, committed 5568K, reserved 1048576K
}
Event: 6.457 GC heap before
{Heap before GC invocations=11 (full 0):
 garbage-first heap   total reserved 4022272K, committed 49152K, used 40058K [0x000000070a800000, 0x0000000800000000)
  region size 2048K, 10 young (20480K), 1 survivors (2048K)
 Metaspace       used 48735K, committed 49280K, reserved 1114112K
  class space    used 6400K, committed 6656K, reserved 1048576K
}
Event: 6.461 GC heap after
{Heap after GC invocations=12 (full 0):
 garbage-first heap   total reserved 4022272K, committed 49152K, used 23701K [0x000000070a800000, 0x0000000800000000)
  region size 2048K, 2 young (4096K), 2 survivors (4096K)
 Metaspace       used 48735K, committed 49280K, reserved 1114112K
  class space    used 6400K, committed 6656K, reserved 1048576K
}
Event: 7.012 GC heap before
{Heap before GC invocations=12 (full 0):
 garbage-first heap   total reserved 4022272K, committed 49152K, used 38037K [0x000000070a800000, 0x0000000800000000)
  region size 2048K, 10 young (20480K), 2 survivors (4096K)
 Metaspace       used 52507K, committed 53120K, reserved 1114112K
  class space    used 6902K, committed 7168K, reserved 1048576K
}
Event: 7.015 GC heap after
{Heap after GC invocations=13 (full 0):
 garbage-first heap   total reserved 4022272K, committed 49152K, used 25261K [0x000000070a800000, 0x0000000800000000)
  region size 2048K, 1 young (2048K), 1 survivors (2048K)
 Metaspace       used 52507K, committed 53120K, reserved 1114112K
  class space    used 6902K, committed 7168K, reserved 1048576K
}
Event: 7.449 GC heap before
{Heap before GC invocations=13 (full 0):
 garbage-first heap   total reserved 4022272K, committed 49152K, used 41645K [0x000000070a800000, 0x0000000800000000)
  region size 2048K, 9 young (18432K), 1 survivors (2048K)
 Metaspace       used 58213K, committed 58816K, reserved 1114112K
  class space    used 7782K, committed 8000K, reserved 1048576K
}
Event: 7.451 GC heap after
{Heap after GC invocations=14 (full 0):
 garbage-first heap   total reserved 4022272K, committed 49152K, used 25780K [0x000000070a800000, 0x0000000800000000)
  region size 2048K, 2 young (4096K), 2 survivors (4096K)
 Metaspace       used 58213K, committed 58816K, reserved 1114112K
  class space    used 7782K, committed 8000K, reserved 1048576K
}
Event: 7.760 GC heap before
{Heap before GC invocations=15 (full 0):
 garbage-first heap   total reserved 4022272K, committed 49152K, used 36020K [0x000000070a800000, 0x0000000800000000)
  region size 2048K, 8 young (16384K), 2 survivors (4096K)
 Metaspace       used 61386K, committed 62016K, reserved 1114112K
  class space    used 8355K, committed 8640K, reserved 1048576K
}
Event: 7.763 GC heap after
{Heap after GC invocations=16 (full 0):
 garbage-first heap   total reserved 4022272K, committed 49152K, used 26445K [0x000000070a800000, 0x0000000800000000)
  region size 2048K, 1 young (2048K), 1 survivors (2048K)
 Metaspace       used 61386K, committed 62016K, reserved 1114112K
  class space    used 8355K, committed 8640K, reserved 1048576K
}
Event: 8.109 GC heap before
{Heap before GC invocations=16 (full 0):
 garbage-first heap   total reserved 4022272K, committed 49152K, used 40781K [0x000000070a800000, 0x0000000800000000)
  region size 2048K, 8 young (16384K), 1 survivors (2048K)
 Metaspace       used 64057K, committed 64768K, reserved 1114112K
  class space    used 8746K, committed 9088K, reserved 1048576K
}
Event: 8.114 GC heap after
{Heap after GC invocations=17 (full 0):
 garbage-first heap   total reserved 4022272K, committed 151552K, used 27286K [0x000000070a800000, 0x0000000800000000)
  region size 2048K, 1 young (2048K), 1 survivors (2048K)
 Metaspace       used 64057K, committed 64768K, reserved 1114112K
  class space    used 8746K, committed 9088K, reserved 1048576K
}

